<?xml version="1.0" encoding="UTF-8"?>
<testsuite xmlns:xsi="http://www.w3.org/2001/XMLSchema-instance" xsi:noNamespaceSchemaLocation="https://maven.apache.org/surefire/maven-surefire-plugin/xsd/surefire-test-report.xsd" version="3.0.2" name="com.micnusz.sbag.SbagApplicationTests" time="1.868" tests="1" errors="0" skipped="0" failures="0" flakes="0">
  <properties>
[...]
</properties>
  <testcase name="contextLoads" classname="com.micnusz.sbag.SbagApplicationTests" time="0.353">
    <system-out><![CDATA[15:10:25.394 [main] INFO org.springframework.test.context.support.AnnotationConfigContextLoaderUtils -- Could not detect default configuration classes for test class [com.micnusz.sbag.SbagApplicationTests]: SbagApplicationTests does not declare any static, non-private, non-final, nested classes annotated with @Configuration.
15:10:25.446 [main] INFO org.springframework.boot.test.context.SpringBootTestContextBootstrapper -- Found @SpringBootConfiguration com.micnusz.sbag.SbagApplication for test class com.micnusz.sbag.SbagApplicationTests

  .   ____          _            __ _ _
 /\\ / ___'_ __ _ _(_)_ __  __ _ \ \ \ \
( ( )\___ | '_ | '_| | '_ \/ _` | \ \ \ \
 \\/  ___)| |_)| | | | | || (_| |  ) ) ) )
  '  |____| .__|_| |_|_| |_\__, | / / / /
 =========|_|==============|___/=/_/_/_/

 :: Spring Boot ::               (v3.5.13)

2026-04-01T15:10:25.747+02:00  INFO 7929 --- [sbag] [           main] com.micnusz.sbag.SbagApplicationTests    : Starting SbagApplicationTests using Java 24.0.2 with PID 7929 (started by michal in /Users/michal/Documents/IntelliJ/microservices-demo/api-gateway)
2026-04-01T15:10:25.747+02:00  INFO 7929 --- [sbag] [           main] com.micnusz.sbag.SbagApplicationTests    : No active profile set, falling back to 1 default profile: "default"
2026-04-01T15:10:26.114+02:00  INFO 7929 --- [sbag] [           main] .s.d.r.c.RepositoryConfigurationDelegate : Multiple Spring Data modules found, entering strict repository configuration mode
2026-04-01T15:10:26.115+02:00  INFO 7929 --- [sbag] [           main] .s.d.r.c.RepositoryConfigurationDelegate : Bootstrapping Spring Data Redis repositories in DEFAULT mode.
2026-04-01T15:10:26.126+02:00  INFO 7929 --- [sbag] [           main] .s.d.r.c.RepositoryConfigurationDelegate : Finished Spring Data repository scanning in 4 ms. Found 0 Redis repository interfaces.
2026-04-01T15:10:26.246+02:00  INFO 7929 --- [sbag] [           main] o.s.cloud.context.scope.GenericScope     : BeanFactory id=6d7d16ed-8d4d-37ad-ab2b-db360638ee94
2026-04-01T15:10:26.437+02:00 ERROR 7929 --- [sbag] [           main] i.n.r.d.DnsServerAddressStreamProviders  : Unable to load io.netty.resolver.dns.macos.MacOSDnsServerAddressStreamProvider, fallback to system defaults. This may result in incorrect DNS resolutions on MacOS. Check whether you have a dependency on 'io.netty:netty-resolver-dns-native-macos'. Use DEBUG level to see the full stack: java.lang.UnsatisfiedLinkError: failed to load the required native library
2026-04-01T15:10:26.694+02:00  INFO 7929 --- [sbag] [           main] o.s.c.g.r.RouteDefinitionRouteLocator    : Loaded RoutePredicateFactory [After]
2026-04-01T15:10:26.694+02:00  INFO 7929 --- [sbag] [           main] o.s.c.g.r.RouteDefinitionRouteLocator    : Loaded RoutePredicateFactory [Before]
2026-04-01T15:10:26.694+02:00  INFO 7929 --- [sbag] [           main] o.s.c.g.r.RouteDefinitionRouteLocator    : Loaded RoutePredicateFactory [Between]
2026-04-01T15:10:26.694+02:00  INFO 7929 --- [sbag] [           main] o.s.c.g.r.RouteDefinitionRouteLocator    : Loaded RoutePredicateFactory [Cookie]
2026-04-01T15:10:26.694+02:00  INFO 7929 --- [sbag] [           main] o.s.c.g.r.RouteDefinitionRouteLocator    : Loaded RoutePredicateFactory [Header]
2026-04-01T15:10:26.694+02:00  INFO 7929 --- [sbag] [           main] o.s.c.g.r.RouteDefinitionRouteLocator    : Loaded RoutePredicateFactory [Host]
2026-04-01T15:10:26.694+02:00  INFO 7929 --- [sbag] [           main] o.s.c.g.r.RouteDefinitionRouteLocator    : Loaded RoutePredicateFactory [Method]
2026-04-01T15:10:26.694+02:00  INFO 7929 --- [sbag] [           main] o.s.c.g.r.RouteDefinitionRouteLocator    : Loaded RoutePredicateFactory [Path]
2026-04-01T15:10:26.694+02:00  INFO 7929 --- [sbag] [           main] o.s.c.g.r.RouteDefinitionRouteLocator    : Loaded RoutePredicateFactory [Query]
2026-04-01T15:10:26.694+02:00  INFO 7929 --- [sbag] [           main] o.s.c.g.r.RouteDefinitionRouteLocator    : Loaded RoutePredicateFactory [ReadBody]
2026-04-01T15:10:26.694+02:00  INFO 7929 --- [sbag] [           main] o.s.c.g.r.RouteDefinitionRouteLocator    : Loaded RoutePredicateFactory [RemoteAddr]
2026-04-01T15:10:26.694+02:00  INFO 7929 --- [sbag] [           main] o.s.c.g.r.RouteDefinitionRouteLocator    : Loaded RoutePredicateFactory [XForwardedRemoteAddr]
2026-04-01T15:10:26.694+02:00  INFO 7929 --- [sbag] [           main] o.s.c.g.r.RouteDefinitionRouteLocator    : Loaded RoutePredicateFactory [Weight]
2026-04-01T15:10:26.694+02:00  INFO 7929 --- [sbag] [           main] o.s.c.g.r.RouteDefinitionRouteLocator    : Loaded RoutePredicateFactory [CloudFoundryRouteService]
2026-04-01T15:10:26.844+02:00  INFO 7929 --- [sbag] [           main] com.micnusz.sbag.SbagApplicationTests    : Started SbagApplicationTests in 1.226 seconds (process running for 1.74)
]]></system-out>
    <system-err><![CDATA[Mockito is currently self-attaching to enable the inline-mock-maker. This will no longer work in future releases of the JDK. Please add Mockito as an agent to your build as described in Mockito's documentation: https://javadoc.io/doc/org.mockito/mockito-core/latest/org.mockito/org/mockito/Mockito.html#0.3
WARNING: A Java agent has been loaded dynamically (/Users/michal/.m2/repository/net/bytebuddy/byte-buddy-agent/1.17.8/byte-buddy-agent-1.17.8.jar)
WARNING: If a serviceability tool is in use, please run with -XX:+EnableDynamicAgentLoading to hide this warning
WARNING: If a serviceability tool is not in use, please run with -Djdk.instrument.traceUsage for more information
WARNING: Dynamic loading of agents will be disallowed by default in a future release
]]></system-err>
  </testcase>
</testsuite>