<?xml version="1.0" encoding="UTF-8"?>
<testsuite xmlns:xsi="http://www.w3.org/2001/XMLSchema-instance" xsi:noNamespaceSchemaLocation="https://maven.apache.org/surefire/maven-surefire-plugin/xsd/surefire-test-report.xsd" version="3.0.2" name="com.micnusz.orderService.OrderServiceApplicationTests" time="1.321" tests="1" errors="0" skipped="0" failures="0" flakes="0">
  <properties>
[...]
</properties>
  <testcase name="contextLoads" classname="com.micnusz.orderService.OrderServiceApplicationTests" time="0.376">
    <system-out><![CDATA[18:20:08.792 [main] INFO org.springframework.test.context.support.AnnotationConfigContextLoaderUtils -- Could not detect default configuration classes for test class [com.micnusz.orderService.OrderServiceApplicationTests]: OrderServiceApplicationTests does not declare any static, non-private, non-final, nested classes annotated with @Configuration.
18:20:08.840 [main] INFO org.springframework.boot.test.context.SpringBootTestContextBootstrapper -- Found @SpringBootConfiguration com.micnusz.orderService.OrderServiceApplication for test class com.micnusz.orderService.OrderServiceApplicationTests

  .   ____          _            __ _ _
 /\\ / ___'_ __ _ _(_)_ __  __ _ \ \ \ \
( ( )\___ | '_ | '_| | '_ \/ _` | \ \ \ \
 \\/  ___)| |_)| | | | | || (_| |  ) ) ) )
  '  |____| .__|_| |_|_| |_\__, | / / / /
 =========|_|==============|___/=/_/_/_/

 :: Spring Boot ::               (v3.5.13)

2026-04-01T18:20:09.132+02:00  INFO 11375 --- [orderService] [           main] c.m.o.OrderServiceApplicationTests       : Starting OrderServiceApplicationTests using Java 24.0.2 with PID 11375 (started by michal in /Users/michal/Documents/IntelliJ/microservices-demo/order-service)
2026-04-01T18:20:09.132+02:00  INFO 11375 --- [orderService] [           main] c.m.o.OrderServiceApplicationTests       : No active profile set, falling back to 1 default profile: "default"
2026-04-01T18:20:09.443+02:00  INFO 11375 --- [orderService] [           main] o.s.cloud.context.scope.GenericScope     : BeanFactory id=fda279a0-b72c-3aed-a9fb-771d86a50989
2026-04-01T18:20:09.670+02:00  INFO 11375 --- [orderService] [           main] c.m.o.OrderServiceApplicationTests       : Started OrderServiceApplicationTests in 0.653 seconds (process running for 1.174)
]]></system-out>
    <system-err><![CDATA[Mockito is currently self-attaching to enable the inline-mock-maker. This will no longer work in future releases of the JDK. Please add Mockito as an agent to your build as described in Mockito's documentation: https://javadoc.io/doc/org.mockito/mockito-core/latest/org.mockito/org/mockito/Mockito.html#0.3
WARNING: A Java agent has been loaded dynamically (/Users/michal/.m2/repository/net/bytebuddy/byte-buddy-agent/1.17.8/byte-buddy-agent-1.17.8.jar)
WARNING: If a serviceability tool is in use, please run with -XX:+EnableDynamicAgentLoading to hide this warning
WARNING: If a serviceability tool is not in use, please run with -Djdk.instrument.traceUsage for more information
WARNING: Dynamic loading of agents will be disallowed by default in a future release
]]></system-err>
  </testcase>
</testsuite>